<?xml version="1.0" encoding="UTF-8"?>
<!-- Generated by org.testng.reporters.JUnitReportReporter -->
<testsuite skipped="0" hostname="PVANDANA-L-1037" name="AutomationTesting.Pavan1.DemoTest" tests="1" failures="0" timestamp="09 Oct 2017 14:54:16 GMT" time="0.013" errors="0">
  <testcase name="justTest1" time="0.013" classname="AutomationTesting.Pavan1.DemoTest"/>
</testsuite> <!-- AutomationTesting.Pavan1.DemoTest -->
