<?xml version="1.0" encoding="UTF-8"?>
<!-- Generated by org.testng.reporters.JUnitReportReporter -->
<testsuite hostname="PVANDANA-L-1037" name="AutomationTesting.Pavan1.Demo2Test" tests="1" failures="0" timestamp="9 Oct 2017 13:06:08 GMT" time="0.007" errors="0">
  <testcase name="justTest1" time="0.007" classname="AutomationTesting.Pavan1.Demo2Test"/>
</testsuite> <!-- AutomationTesting.Pavan1.Demo2Test -->
